[2026-02-16 21:54:32] UPDATE data_inicio (raw): '2026-02-16'
[2026-02-16 21:54:32] UPDATE data_inicio (parsed): '2026-02-16'
[2026-02-16 21:54:57] ADD data_inicio (raw): '2026-02-16'
[2026-02-16 21:54:57] ADD data_inicio (parsed): '2026-02-16'
[2026-02-16 21:54:57] ADD payload: {"name":"teste 3","email":"","cidade":"","phone":"","cpf_cnpj":"","source":"","status":"EM ATENDIMENTO","stage_id":"17","notes":"","consumo_cliente":"","estimativa_projeto_kwh":"","orcamento_value":"","ultimo_contato":"2026-02-16 00:00:00","forma_pagamento":"","created_at":"2026-02-16 00:00:00","data_inicio":"2026-02-16"}
[2026-02-16 21:54:57] ADD data_inicio (raw): '2026-02-16'
[2026-02-16 21:54:57] ADD data_inicio (parsed): '2026-02-16'
[2026-02-16 21:54:57] ADD forma_pagamento (raw): ''
[2026-02-16 21:54:57] ADD _FILES keys: []
[2026-02-16 22:19:42] ADD data_inicio (raw): '2026-02-16'
[2026-02-16 22:19:42] ADD data_inicio (parsed): '2026-02-16'
[2026-02-16 22:19:42] ADD payload: {"name":"teste4","email":"","cidade":"","phone":"","cpf_cnpj":"","source":"","status":"EM ATENDIMENTO","stage_id":"17","notes":"","consumo_cliente":"","estimativa_projeto_kwh":"","orcamento_value":"","ultimo_contato":"2026-02-16 00:00:00","forma_pagamento":"","created_at":"2026-02-16 00:00:00","data_inicio":"2026-02-16"}
[2026-02-16 22:19:42] ADD data_inicio (raw): '2026-02-16'
[2026-02-16 22:19:42] ADD data_inicio (parsed): '2026-02-16'
[2026-02-16 22:19:42] ADD forma_pagamento (raw): ''
[2026-02-16 22:19:42] ADD _FILES keys: []
[2026-02-25T00:57:47+01:00] Uncaught exception: Lead not found or insufficient permissions to delete permanently
[2026-02-25T00:58:14+01:00] Uncaught exception: Lead not found or insufficient permissions to delete permanently
[2026-02-25T01:00:03+01:00] Uncaught exception: Lead not found or insufficient permissions to delete permanently
[2026-02-25T01:00:23+01:00] Uncaught exception: Lead not found or insufficient permissions to delete permanently
[2026-02-25T01:00:32+01:00] Uncaught exception: Lead not found or insufficient permissions to delete permanently
[2026-02-25T01:16:06+01:00] Uncaught exception: Lead not found or insufficient permissions to delete permanently
[2026-02-25T01:19:11+01:00] Uncaught exception: Lead not found or insufficient permissions to delete permanently
[2026-02-25 01:27:55] ADD data_inicio (raw): '2026-02-25'
[2026-02-25 01:27:55] ADD data_inicio (parsed): '2026-02-25'
[2026-02-25 01:27:55] ADD payload: {"name":"teste","email":"","cidade":"","phone":"","cpf_cnpj":"","source":"","status":"","stage_id":"","notes":"","consumo_cliente":"","estimativa_projeto_kwh":"","orcamento_value":"","ultimo_contato":"2026-02-25 00:00:00","forma_pagamento":"","created_at":"2026-02-25 00:00:00","data_inicio":"2026-02-25"}
[2026-02-25 01:27:55] ADD data_inicio (raw): '2026-02-25'
[2026-02-25 01:27:55] ADD data_inicio (parsed): '2026-02-25'
[2026-02-25 01:27:55] ADD forma_pagamento (raw): ''
[2026-02-25 01:27:55] ADD _FILES keys: []
[2026-03-13 10:21:15] UPDATE data_inicio (raw): '2026-02-09'
[2026-03-13 10:21:15] UPDATE data_inicio (parsed): '2026-02-09'
[2026-03-22 18:31:29] UPDATE data_inicio (raw): '2026-02-06'
[2026-03-22 18:31:29] UPDATE data_inicio (parsed): '2026-02-06'
[2026-04-01 02:36:46] UPDATE data_inicio (raw): '2026-02-09'
[2026-04-01 02:36:46] UPDATE data_inicio (parsed): '2026-02-09'
[2026-04-01 02:50:04] UPDATE data_inicio (raw): '2026-02-16'
[2026-04-01 02:50:04] UPDATE data_inicio (parsed): '2026-02-16'
[2026-04-04 21:10:32] UPDATE data_inicio (raw): '2026-02-06'
[2026-04-04 21:10:32] UPDATE data_inicio (parsed): '2026-02-06'
[2026-04-17 14:01:49] UPDATE data_inicio (raw): '2026-02-16'
[2026-04-17 14:01:49] UPDATE data_inicio (parsed): '2026-02-16'
[2026-04-17 14:02:02] UPDATE data_inicio (raw): '2026-02-10'
[2026-04-17 14:02:02] UPDATE data_inicio (parsed): '2026-02-10'
[2026-04-17 14:07:08] UPDATE data_inicio (raw): '2026-02-06'
[2026-04-17 14:07:08] UPDATE data_inicio (parsed): '2026-02-06'
[2026-04-17 14:07:21] DELETE_ATTACHMENT requested: user=1 lead=5 file=46 filename=DENIS TABELA.xlsx
[2026-04-17 14:07:21] DELETE_ATTACHMENT success: user=1 lead=5 file=46 filename=DENIS TABELA.xlsx
[2026-04-17 14:08:17] UPDATE data_inicio (raw): '2026-02-06'
[2026-04-17 14:08:17] UPDATE data_inicio (parsed): '2026-02-06'
[2026-05-09 22:56:03] auto promoted anuncios: 1
